<?xml version="1.0" encoding="UTF-8"?>
<!-- Generated by org.testng.reporters.JUnitReportReporter -->
<testsuite hostname="Mandeeps-Air.ht.home" failures="0" tests="1" name="TestAPI" time="1.998" errors="0" timestamp="2022-12-11T15:40:48 EST" skipped="0">
  <testcase classname="TestAPI" name="m1" time="1.998"/>
  <system-out/>
</testsuite> <!-- TestAPI -->
