<?xml version="1.0" encoding="UTF-8"?>
<!-- Generated by org.testng.reporters.JUnitReportReporter -->
<testsuite hostname="Mandeeps-MacBook-Air.local" failures="0" tests="2" name="TC001_GET" time="3.100" errors="0" timestamp="2022-12-10T15:07:35 EST" skipped="0">
  <testcase classname="TC001_GET" name="test_02" time="0.999"/>
  <system-out/>
  <testcase classname="TC001_GET" name="getStatus" time="2.101"/>
  <system-out/>
</testsuite> <!-- TC001_GET -->
